Unity Editor version:    6000.0.47f1 (2ad1ed33fd3b)
Branch:                  6000.0/staging
Build type:              Release
Batch mode:              YES
macOS version:           Version 15.3.2 (Build 24D81)
Darwin version:          24.3.0
Architecture:            x86_64
Running under Rosetta:   YES
Available memory:        18432 MB
Using pre-set license
Pro License: YES

COMMAND LINE ARGUMENTS:
/Applications/Unity/Hub/Editor/6000.0.47f1/Unity.app/Contents/MacOS/Unity
-adb2
-batchMode
-noUpm
-name
AssetImportWorker8
-projectPath
/Users/kota/DungeonGen/Dungeon-gen
-logFile
Logs/AssetImportWorker8.log
-srvPort
65243
-job-worker-count
5
-background-job-worker-count
8
-gc-helper-count
1
Successfully changed project path to: /Users/kota/DungeonGen/Dungeon-gen
/Users/kota/DungeonGen/Dungeon-gen
[UnityMemory] Configuration Parameters - Can be set up in boot.config
    "memorysetup-bucket-allocator-granularity=16"
    "memorysetup-bucket-allocator-bucket-count=8"
    "memorysetup-bucket-allocator-block-size=33554432"
    "memorysetup-bucket-allocator-block-count=8"
    "memorysetup-main-allocator-block-size=16777216"
    "memorysetup-thread-allocator-block-size=16777216"
    "memorysetup-gfx-main-allocator-block-size=16777216"
    "memorysetup-gfx-thread-allocator-block-size=16777216"
    "memorysetup-cache-allocator-block-size=4194304"
    "memorysetup-typetree-allocator-block-size=2097152"
    "memorysetup-profiler-bucket-allocator-granularity=16"
    "memorysetup-profiler-bucket-allocator-bucket-count=8"
    "memorysetup-profiler-bucket-allocator-block-size=33554432"
    "memorysetup-profiler-bucket-allocator-block-count=8"
    "memorysetup-profiler-allocator-block-size=16777216"
    "memorysetup-profiler-editor-allocator-block-size=1048576"
    "memorysetup-temp-allocator-size-main=16777216"
    "memorysetup-job-temp-allocator-block-size=2097152"
    "memorysetup-job-temp-allocator-block-size-background=1048576"
    "memorysetup-job-temp-allocator-reduction-small-platforms=262144"
    "memorysetup-allocator-temp-initial-block-size-main=262144"
    "memorysetup-allocator-temp-initial-block-size-worker=262144"
    "memorysetup-temp-allocator-size-background-worker=32768"
    "memorysetup-temp-allocator-size-job-worker=262144"
    "memorysetup-temp-allocator-size-preload-manager=33554432"
    "memorysetup-temp-allocator-size-nav-mesh-worker=65536"
    "memorysetup-temp-allocator-size-audio-worker=65536"
    "memorysetup-temp-allocator-size-cloud-worker=32768"
    "memorysetup-temp-allocator-size-gi-baking-worker=262144"
    "memorysetup-temp-allocator-size-gi-baking-worker=262144"
    "memorysetup-temp-allocator-size-gi-baking-worker=262144"
    "memorysetup-temp-allocator-size-gi-baking-worker=262144"
    "memorysetup-temp-allocator-size-gi-baking-worker=262144"
    "memorysetup-temp-allocator-size-gfx=262144"
Player connection [8750584320]  Target information:

Player connection [8750584320]  * "[IP] 172.21.0.177 [Port] 0 [Flags] 2 [Guid] 514553063 [EditorId] 514553063 [Version] 1048832 [Id] OSXEditor(0,wlan-napt-003.u-aizu.ac.jp) [Debug] 1 [PackageName] OSXEditor [ProjectName] Editor" 

Player connection [8750584320] Host joined multi-casting on [225.0.0.222:54997]...
Player connection [8750584320] Host joined alternative multi-casting on [225.0.0.222:34997]...
JobSystem: Creating JobQueue using job-worker-count value 5
Input System module state changed to: Initialized.
[Physics::Module] Initialized fallback backend.
[Physics::Module] Id: 0xdecafbad
Library Redirect Path: Library/
[Physics::Module] Selected backend.
[Physics::Module] Name: PhysX
[Physics::Module] Id: 0xf2b8ea05
[Physics::Module] SDK Version: 4.1.2
[Physics::Module] Integration Version: 1.0.0
[Physics::Module] Threading Mode: Multi-Threaded
Refreshing native plugins compatible for Editor in 5.49 ms, found 2 plugins.
Preloading 0 native plugins for Editor in 0.00 ms.
Initialize engine version: 6000.0.47f1 (2ad1ed33fd3b)
[Subsystems] Discovering subsystems at path /Applications/Unity/Hub/Editor/6000.0.47f1/Unity.app/Contents/Resources/UnitySubsystems
[Subsystems] Discovering subsystems at path /Users/kota/DungeonGen/Dungeon-gen/Assets
GfxDevice: creating device client; kGfxThreadingModeNonThreaded
 preferred device: Apple M3 Pro (high power)
Metal devices available: 1
0: Apple M3 Pro (high power)
Using device Apple M3 Pro (high power)
Initializing Metal device caps: Apple M3 Pro
Initialize mono
Mono path[0] = '/Applications/Unity/Hub/Editor/6000.0.47f1/Unity.app/Contents/Managed'
Mono path[1] = '/Applications/Unity/Hub/Editor/6000.0.47f1/Unity.app/Contents/MonoBleedingEdge/lib/mono/unityjit-macos'
Mono config path = '/Applications/Unity/Hub/Editor/6000.0.47f1/Unity.app/Contents/MonoBleedingEdge/etc'
Using monoOptions --debugger-agent=transport=dt_socket,embedding=1,server=y,suspend=n,address=127.0.0.1:56211
Begin MonoManager ReloadAssembly
Registering precompiled unity dll's ...
Register platform support module: /Applications/Unity/Hub/Editor/6000.0.47f1/Unity.app/Contents/PlaybackEngines/MacStandaloneSupport/UnityEditor.OSXStandalone.Extensions.dll
Register platform support module: /Applications/Unity/Hub/Editor/6000.0.47f1/PlaybackEngines/AndroidPlayer/UnityEditor.Android.Extensions.dll
Register platform support module: /Applications/Unity/Hub/Editor/6000.0.47f1/PlaybackEngines/iOSSupport/UnityEditor.iOS.Extensions.dll
Registered in 0.002134 seconds.
- Loaded All Assemblies, in  0.994 seconds
[usbmuxd] Start listen thread
[usbmuxd] Listen thread started
[usbmuxd] Send listen message
Native extension for iOS target not found
Native extension for Android target not found
Android Extension - Scanning For ADB Devices 594 ms
Native extension for OSXStandalone target not found
Mono: successfully reloaded assembly
- Finished resetting the current domain, in  3.479 seconds
Domain Reload Profiling: 4476ms
	BeginReloadAssembly (408ms)
		ExecutionOrderSort (0ms)
		DisableScriptedObjects (0ms)
		BackupInstance (0ms)
		ReleaseScriptingObjects (0ms)
		CreateAndSetChildDomain (5ms)
	RebuildCommonClasses (59ms)
	RebuildNativeTypeToScriptingClass (16ms)
	initialDomainReloadingComplete (255ms)
	LoadAllAssembliesAndSetupDomain (256ms)
		LoadAssemblies (403ms)
		RebuildTransferFunctionScriptingTraits (0ms)
		AnalyzeDomain (241ms)
			TypeCache.Refresh (236ms)
				TypeCache.ScanAssembly (217ms)
			BuildScriptInfoCaches (0ms)
			ResolveRequiredComponents (4ms)
	FinalizeReload (3482ms)
		ReleaseScriptCaches (0ms)
		RebuildScriptCaches (0ms)
		SetupLoadedEditorAssemblies (3323ms)
			LogAssemblyErrors (0ms)
			InitializePlatformSupportModulesInManaged (1291ms)
			SetLoadedEditorAssemblies (16ms)
			BeforeProcessingInitializeOnLoad (448ms)
			ProcessInitializeOnLoadAttributes (978ms)
			ProcessInitializeOnLoadMethodAttributes (589ms)
			AfterProcessingInitializeOnLoad (0ms)
			EditorAssembliesLoaded (1ms)
		ExecutionOrderSort2 (0ms)
		AwakeInstancesAfterBackupRestoration (0ms)
========================================================================
Worker process is ready to serve import requests
Import Worker Mode flag is 0x00
Begin MonoManager ReloadAssembly
Asset path could not be found for script compilation file '/Assets/Script/Dungeon/BowyerWatson2D.cs'
Asset path could not be found for script compilation file '/Assets/Script/Dungeon/dungeongen2d.cs'
Asset path could not be found for script compilation file '/Assets/Script/Dungeon/PriorityQueue.cs'
Asset path could not be found for script compilation file '/Assets/Toby Fredson/Modular Dungeon Catacombs - Mobile/Scripts/ExtendedFlycam.cs'
Asset path could not be found for script compilation file '/Assets/Toby Fredson/Modular Dungeon Catacombs - Mobile/Scripts/FPSController.cs'
Asset path could not be found for script compilation file '/Assets/Toby Fredson/Modular Dungeon Catacombs - Mobile/Scripts/MenuManager.cs'
Asset path could not be found for script compilation file '/Assets/Toby Fredson/Modular Dungeon Catacombs - Mobile/Scripts/ShowHide.cs'
- Loaded All Assemblies, in  2.236 seconds
Refreshing native plugins compatible for Editor in 1.91 ms, found 2 plugins.
Native extension for iOS target not found
Native extension for Android target not found
Native extension for OSXStandalone target not found
Mono: successfully reloaded assembly
- Finished resetting the current domain, in  6.226 seconds
Domain Reload Profiling: 8453ms
	BeginReloadAssembly (508ms)
		ExecutionOrderSort (0ms)
		DisableScriptedObjects (71ms)
		BackupInstance (0ms)
		ReleaseScriptingObjects (0ms)
		CreateAndSetChildDomain (81ms)
	RebuildCommonClasses (42ms)
	RebuildNativeTypeToScriptingClass (13ms)
	initialDomainReloadingComplete (179ms)
	LoadAllAssembliesAndSetupDomain (1482ms)
		LoadAssemblies (1031ms)
		RebuildTransferFunctionScriptingTraits (0ms)
		AnalyzeDomain (630ms)
			TypeCache.Refresh (445ms)
				TypeCache.ScanAssembly (363ms)
			BuildScriptInfoCaches (114ms)
			ResolveRequiredComponents (66ms)
	FinalizeReload (6230ms)
		ReleaseScriptCaches (0ms)
		RebuildScriptCaches (0ms)
		SetupLoadedEditorAssemblies (5405ms)
			LogAssemblyErrors (0ms)
			InitializePlatformSupportModulesInManaged (125ms)
			SetLoadedEditorAssemblies (11ms)
			BeforeProcessingInitializeOnLoad (579ms)
			ProcessInitializeOnLoadAttributes (4170ms)
			ProcessInitializeOnLoadMethodAttributes (518ms)
			AfterProcessingInitializeOnLoad (1ms)
			EditorAssembliesLoaded (0ms)
		ExecutionOrderSort2 (0ms)
		AwakeInstancesAfterBackupRestoration (15ms)
WARNING: Shader Unsupported: 'Universal Render Pipeline/VR/SpatialMapping/Wireframe' - All subshaders removed
WARNING: Shader Did you use #pragma only_renderers and omit this platform?
WARNING: Shader If subshaders removal was intentional, you may have forgotten turning Fallback off?
WARNING: Shader Unsupported: 'Universal Render Pipeline/VR/SpatialMapping/Wireframe' - All subshaders removed
WARNING: Shader Did you use #pragma only_renderers and omit this platform?
WARNING: Shader If subshaders removal was intentional, you may have forgotten turning Fallback off?
Launching external process: /Applications/Unity/Hub/Editor/6000.0.47f1/Unity.app/Contents/Tools/UnityShaderCompiler
Launched and connected shader compiler UnityShaderCompiler after 0.40 seconds
Refreshing native plugins compatible for Editor in 1.18 ms, found 2 plugins.
Preloading 0 native plugins for Editor in 0.00 ms.
Unloading 211 Unused Serialized files (Serialized files now loaded: 0)
Unloading 5950 unused Assets / (2.1 MB). Loaded Objects now: 6651.
Memory consumption went from 183.5 MB to 181.4 MB.
Total: 123.818583 ms (FindLiveObjects: 17.366334 ms CreateObjectMapping: 3.128625 ms MarkObjects: 91.533250 ms  DeleteObjects: 11.787500 ms)

========================================================================
Received Import Request.
  Time since last request: 119564.033057 seconds.
  path: 
  artifactKey: Guid(4e5458f762bb49549bfecf364f2d74f4) Importer(2089858483,192608db42251d675da83286b1cce702)
Start importing  using Guid(4e5458f762bb49549bfecf364f2d74f4) Importer(2089858483,192608db42251d675da83286b1cce702)  -> (artifact id: '00000000000000000000000000000000') in 0.00028375 seconds
Import Error Code:(3)
Message: Unknown asset with GUID '4e5458f762bb49549bfecf364f2d74f4'
  ERROR: Unknown asset with GUID '4e5458f762bb49549bfecf364f2d74f4'
Number of updated asset objects reloaded before import = 0Number of asset objects unloaded after import = 0

========================================================================
Received Import Request.
  Time since last request: 0.000157 seconds.
  path: 
  artifactKey: Guid(d2434d42a54607b48b68e3a9828cdaaa) Importer(2089858483,192608db42251d675da83286b1cce702)
Start importing  using Guid(d2434d42a54607b48b68e3a9828cdaaa) Importer(2089858483,192608db42251d675da83286b1cce702)  -> (artifact id: '00000000000000000000000000000000') in 0.000099584 seconds
Import Error Code:(3)
Message: Unknown asset with GUID 'd2434d42a54607b48b68e3a9828cdaaa'
  ERROR: Unknown asset with GUID 'd2434d42a54607b48b68e3a9828cdaaa'
Number of updated asset objects reloaded before import = 0Number of asset objects unloaded after import = 0

========================================================================
Received Import Request.
  Time since last request: 0.000137 seconds.
  path: 
  artifactKey: Guid(96ddfd1712ad7d04cb09f6c3f4e3b1c3) Importer(2089858483,3d70f49cd1c2eb9ae422958d1c652c6b)
Start importing  using Guid(96ddfd1712ad7d04cb09f6c3f4e3b1c3) Importer(2089858483,3d70f49cd1c2eb9ae422958d1c652c6b)  -> (artifact id: '00000000000000000000000000000000') in 0.000048792 seconds
Import Error Code:(3)
Message: Unknown asset with GUID '96ddfd1712ad7d04cb09f6c3f4e3b1c3'
  ERROR: Unknown asset with GUID '96ddfd1712ad7d04cb09f6c3f4e3b1c3'
Number of updated asset objects reloaded before import = 0Number of asset objects unloaded after import = 0

========================================================================
Received Import Request.
  Time since last request: 0.000653 seconds.
  path: 
  artifactKey: Guid(c7de371e86f73e3449820b3c5df4602c) Importer(2089858483,192608db42251d675da83286b1cce702)
Start importing  using Guid(c7de371e86f73e3449820b3c5df4602c) Importer(2089858483,192608db42251d675da83286b1cce702)  -> (artifact id: '00000000000000000000000000000000') in 0.000091208 seconds
Import Error Code:(3)
Message: Unknown asset with GUID 'c7de371e86f73e3449820b3c5df4602c'
  ERROR: Unknown asset with GUID 'c7de371e86f73e3449820b3c5df4602c'
Number of updated asset objects reloaded before import = 0Number of asset objects unloaded after import = 0

========================================================================
Received Import Request.
  Time since last request: 0.000090 seconds.
  path: 
  artifactKey: Guid(8ecbc3010866b394790eecf24a975131) Importer(2089858483,3d70f49cd1c2eb9ae422958d1c652c6b)
Start importing  using Guid(8ecbc3010866b394790eecf24a975131) Importer(2089858483,3d70f49cd1c2eb9ae422958d1c652c6b)  -> (artifact id: '00000000000000000000000000000000') in 0.000085708 seconds
Import Error Code:(3)
Message: Unknown asset with GUID '8ecbc3010866b394790eecf24a975131'
  ERROR: Unknown asset with GUID '8ecbc3010866b394790eecf24a975131'
Number of updated asset objects reloaded before import = 0Number of asset objects unloaded after import = 0

========================================================================
Received Import Request.
  Time since last request: 0.003886 seconds.
  path: 
  artifactKey: Guid(7f195a0faa1490b4bb9769eb38d66948) Importer(2089858483,3d70f49cd1c2eb9ae422958d1c652c6b)
Start importing  using Guid(7f195a0faa1490b4bb9769eb38d66948) Importer(2089858483,3d70f49cd1c2eb9ae422958d1c652c6b)  -> (artifact id: '00000000000000000000000000000000') in 0.000076791 seconds
Import Error Code:(3)
Message: Unknown asset with GUID '7f195a0faa1490b4bb9769eb38d66948'
  ERROR: Unknown asset with GUID '7f195a0faa1490b4bb9769eb38d66948'
Number of updated asset objects reloaded before import = 0Number of asset objects unloaded after import = 0

========================================================================
Received Import Request.
  Time since last request: 0.000154 seconds.
  path: 
  artifactKey: Guid(7a778bdb5164f5f4aae895fd1709e951) Importer(2089858483,3d70f49cd1c2eb9ae422958d1c652c6b)
Start importing  using Guid(7a778bdb5164f5f4aae895fd1709e951) Importer(2089858483,3d70f49cd1c2eb9ae422958d1c652c6b)  -> (artifact id: '00000000000000000000000000000000') in 0.000103625 seconds
Import Error Code:(3)
Message: Unknown asset with GUID '7a778bdb5164f5f4aae895fd1709e951'
  ERROR: Unknown asset with GUID '7a778bdb5164f5f4aae895fd1709e951'
Number of updated asset objects reloaded before import = 0Number of asset objects unloaded after import = 0

========================================================================
Received Import Request.
  Time since last request: 0.000087 seconds.
  path: 
  artifactKey: Guid(6d53ff3223bdd79479e12fcf5037673c) Importer(2089858483,3d70f49cd1c2eb9ae422958d1c652c6b)
Start importing  using Guid(6d53ff3223bdd79479e12fcf5037673c) Importer(2089858483,3d70f49cd1c2eb9ae422958d1c652c6b)  -> (artifact id: '00000000000000000000000000000000') in 0.000095667 seconds
Import Error Code:(3)
Message: Unknown asset with GUID '6d53ff3223bdd79479e12fcf5037673c'
  ERROR: Unknown asset with GUID '6d53ff3223bdd79479e12fcf5037673c'
Number of updated asset objects reloaded before import = 0Number of asset objects unloaded after import = 0

========================================================================
Received Import Request.
  Time since last request: 0.002005 seconds.
  path: 
  artifactKey: Guid(6faea81a6f0bd22468dd825518ea56c6) Importer(2089858483,3d70f49cd1c2eb9ae422958d1c652c6b)
Start importing  using Guid(6faea81a6f0bd22468dd825518ea56c6) Importer(2089858483,3d70f49cd1c2eb9ae422958d1c652c6b)  -> (artifact id: '00000000000000000000000000000000') in 0.000060416 seconds
Import Error Code:(3)
Message: Unknown asset with GUID '6faea81a6f0bd22468dd825518ea56c6'
  ERROR: Unknown asset with GUID '6faea81a6f0bd22468dd825518ea56c6'
Number of updated asset objects reloaded before import = 0Number of asset objects unloaded after import = 0

========================================================================
Received Import Request.
  Time since last request: 0.000954 seconds.
  path: 
  artifactKey: Guid(e3db452f28c6ff047af69069ee439597) Importer(2089858483,3d70f49cd1c2eb9ae422958d1c652c6b)
Start importing  using Guid(e3db452f28c6ff047af69069ee439597) Importer(2089858483,3d70f49cd1c2eb9ae422958d1c652c6b)  -> (artifact id: '00000000000000000000000000000000') in 0.000053833 seconds
Import Error Code:(3)
Message: Unknown asset with GUID 'e3db452f28c6ff047af69069ee439597'
  ERROR: Unknown asset with GUID 'e3db452f28c6ff047af69069ee439597'
Number of updated asset objects reloaded before import = 0Number of asset objects unloaded after import = 0

========================================================================
Received Import Request.
  Time since last request: 0.001531 seconds.
  path: 
  artifactKey: Guid(4d7fcdfd8de8c9e41b854de6e04f6fcc) Importer(2089858483,3d70f49cd1c2eb9ae422958d1c652c6b)
Start importing  using Guid(4d7fcdfd8de8c9e41b854de6e04f6fcc) Importer(2089858483,3d70f49cd1c2eb9ae422958d1c652c6b)  -> (artifact id: '00000000000000000000000000000000') in 0.0000695 seconds
Import Error Code:(3)
Message: Unknown asset with GUID '4d7fcdfd8de8c9e41b854de6e04f6fcc'
  ERROR: Unknown asset with GUID '4d7fcdfd8de8c9e41b854de6e04f6fcc'
Number of updated asset objects reloaded before import = 0Number of asset objects unloaded after import = 0

========================================================================
Received Import Request.
  Time since last request: 0.000129 seconds.
  path: 
  artifactKey: Guid(7b73a6e1b2ddb1743afca37188448637) Importer(2089858483,192608db42251d675da83286b1cce702)
Start importing  using Guid(7b73a6e1b2ddb1743afca37188448637) Importer(2089858483,192608db42251d675da83286b1cce702)  -> (artifact id: '00000000000000000000000000000000') in 0.000080292 seconds
Import Error Code:(3)
Message: Unknown asset with GUID '7b73a6e1b2ddb1743afca37188448637'
  ERROR: Unknown asset with GUID '7b73a6e1b2ddb1743afca37188448637'
Number of updated asset objects reloaded before import = 0Number of asset objects unloaded after import = 0

========================================================================
Received Import Request.
  Time since last request: 0.000532 seconds.
  path: 
  artifactKey: Guid(4d493efda2870c34ab2ee42114471454) Importer(2089858483,192608db42251d675da83286b1cce702)
Start importing  using Guid(4d493efda2870c34ab2ee42114471454) Importer(2089858483,192608db42251d675da83286b1cce702)  -> (artifact id: '00000000000000000000000000000000') in 0.000053833 seconds
Import Error Code:(3)
Message: Unknown asset with GUID '4d493efda2870c34ab2ee42114471454'
  ERROR: Unknown asset with GUID '4d493efda2870c34ab2ee42114471454'
Number of updated asset objects reloaded before import = 0Number of asset objects unloaded after import = 0

========================================================================
Received Import Request.
  Time since last request: 0.000088 seconds.
  path: 
  artifactKey: Guid(296d1cc9cbbc5a940a1fa4c345cf5c20) Importer(2089858483,192608db42251d675da83286b1cce702)
Start importing  using Guid(296d1cc9cbbc5a940a1fa4c345cf5c20) Importer(2089858483,192608db42251d675da83286b1cce702)  -> (artifact id: '00000000000000000000000000000000') in 0.000045292 seconds
Import Error Code:(3)
Message: Unknown asset with GUID '296d1cc9cbbc5a940a1fa4c345cf5c20'
  ERROR: Unknown asset with GUID '296d1cc9cbbc5a940a1fa4c345cf5c20'
Number of updated asset objects reloaded before import = 0Number of asset objects unloaded after import = 0

========================================================================
Received Import Request.
  Time since last request: 0.000517 seconds.
  path: 
  artifactKey: Guid(4180c49737fb27346aa554844db8ba3e) Importer(2089858483,192608db42251d675da83286b1cce702)
Start importing  using Guid(4180c49737fb27346aa554844db8ba3e) Importer(2089858483,192608db42251d675da83286b1cce702)  -> (artifact id: '00000000000000000000000000000000') in 0.000049959 seconds
Import Error Code:(3)
Message: Unknown asset with GUID '4180c49737fb27346aa554844db8ba3e'
  ERROR: Unknown asset with GUID '4180c49737fb27346aa554844db8ba3e'
Number of updated asset objects reloaded before import = 0Number of asset objects unloaded after import = 0

========================================================================
Received Import Request.
  Time since last request: 0.000106 seconds.
  path: 
  artifactKey: Guid(035fdbba04381e744935687705c2df33) Importer(2089858483,192608db42251d675da83286b1cce702)
Start importing  using Guid(035fdbba04381e744935687705c2df33) Importer(2089858483,192608db42251d675da83286b1cce702)  -> (artifact id: '00000000000000000000000000000000') in 0.000082083 seconds
Import Error Code:(3)
Message: Unknown asset with GUID '035fdbba04381e744935687705c2df33'
  ERROR: Unknown asset with GUID '035fdbba04381e744935687705c2df33'
Number of updated asset objects reloaded before import = 0Number of asset objects unloaded after import = 0

========================================================================
Received Import Request.
  Time since last request: 0.000168 seconds.
  path: 
  artifactKey: Guid(6a1c3d1818bedf14e91234f77dc1aa37) Importer(2089858483,192608db42251d675da83286b1cce702)
Start importing  using Guid(6a1c3d1818bedf14e91234f77dc1aa37) Importer(2089858483,192608db42251d675da83286b1cce702)  -> (artifact id: '00000000000000000000000000000000') in 0.000052708 seconds
Import Error Code:(3)
Message: Unknown asset with GUID '6a1c3d1818bedf14e91234f77dc1aa37'
  ERROR: Unknown asset with GUID '6a1c3d1818bedf14e91234f77dc1aa37'
Number of updated asset objects reloaded before import = 0Number of asset objects unloaded after import = 0

========================================================================
Received Import Request.
  Time since last request: 0.000175 seconds.
  path: 
  artifactKey: Guid(8123daeecf2dd7541bb59e70ff5df029) Importer(2089858483,192608db42251d675da83286b1cce702)
Start importing  using Guid(8123daeecf2dd7541bb59e70ff5df029) Importer(2089858483,192608db42251d675da83286b1cce702)  -> (artifact id: '00000000000000000000000000000000') in 0.000043042 seconds
Import Error Code:(3)
Message: Unknown asset with GUID '8123daeecf2dd7541bb59e70ff5df029'
  ERROR: Unknown asset with GUID '8123daeecf2dd7541bb59e70ff5df029'
Number of updated asset objects reloaded before import = 0Number of asset objects unloaded after import = 0

========================================================================
Received Import Request.
  Time since last request: 0.000062 seconds.
  path: 
  artifactKey: Guid(2ac6fb35bf14b274a808168f5da770da) Importer(2089858483,192608db42251d675da83286b1cce702)
Start importing  using Guid(2ac6fb35bf14b274a808168f5da770da) Importer(2089858483,192608db42251d675da83286b1cce702)  -> (artifact id: '00000000000000000000000000000000') in 0.000089292 seconds
Import Error Code:(3)
Message: Unknown asset with GUID '2ac6fb35bf14b274a808168f5da770da'
  ERROR: Unknown asset with GUID '2ac6fb35bf14b274a808168f5da770da'
Number of updated asset objects reloaded before import = 0Number of asset objects unloaded after import = 0

========================================================================
Received Import Request.
  Time since last request: 0.000137 seconds.
  path: 
  artifactKey: Guid(494e142f4c8587842a95fc43b84a0106) Importer(2089858483,192608db42251d675da83286b1cce702)
Start importing  using Guid(494e142f4c8587842a95fc43b84a0106) Importer(2089858483,192608db42251d675da83286b1cce702)  -> (artifact id: '00000000000000000000000000000000') in 0.000042584 seconds
Import Error Code:(3)
Message: Unknown asset with GUID '494e142f4c8587842a95fc43b84a0106'
  ERROR: Unknown asset with GUID '494e142f4c8587842a95fc43b84a0106'
Number of updated asset objects reloaded before import = 0Number of asset objects unloaded after import = 0

========================================================================
Received Import Request.
  Time since last request: 0.000431 seconds.
  path: 
  artifactKey: Guid(25578768129c16e47902df5ae62f57cb) Importer(2089858483,3d70f49cd1c2eb9ae422958d1c652c6b)
Start importing  using Guid(25578768129c16e47902df5ae62f57cb) Importer(2089858483,3d70f49cd1c2eb9ae422958d1c652c6b)  -> (artifact id: '00000000000000000000000000000000') in 0.000038208 seconds
Import Error Code:(3)
Message: Unknown asset with GUID '25578768129c16e47902df5ae62f57cb'
  ERROR: Unknown asset with GUID '25578768129c16e47902df5ae62f57cb'
Number of updated asset objects reloaded before import = 0Number of asset objects unloaded after import = 0

========================================================================
Received Import Request.
  Time since last request: 0.000213 seconds.
  path: 
  artifactKey: Guid(a74e6b14c73b7c441b6616594e2041f1) Importer(2089858483,3d70f49cd1c2eb9ae422958d1c652c6b)
Start importing  using Guid(a74e6b14c73b7c441b6616594e2041f1) Importer(2089858483,3d70f49cd1c2eb9ae422958d1c652c6b)  -> (artifact id: '00000000000000000000000000000000') in 0.000058 seconds
Import Error Code:(3)
Message: Unknown asset with GUID 'a74e6b14c73b7c441b6616594e2041f1'
  ERROR: Unknown asset with GUID 'a74e6b14c73b7c441b6616594e2041f1'
Number of updated asset objects reloaded before import = 0Number of asset objects unloaded after import = 0

========================================================================
Received Import Request.
  Time since last request: 0.000243 seconds.
  path: 
  artifactKey: Guid(5f91abdb876363442b49863ffd964867) Importer(2089858483,3d70f49cd1c2eb9ae422958d1c652c6b)
Start importing  using Guid(5f91abdb876363442b49863ffd964867) Importer(2089858483,3d70f49cd1c2eb9ae422958d1c652c6b)  -> (artifact id: '00000000000000000000000000000000') in 0.000045958 seconds
Import Error Code:(3)
Message: Unknown asset with GUID '5f91abdb876363442b49863ffd964867'
  ERROR: Unknown asset with GUID '5f91abdb876363442b49863ffd964867'
Number of updated asset objects reloaded before import = 0Number of asset objects unloaded after import = 0

========================================================================
Received Import Request.
  Time since last request: 0.000060 seconds.
  path: 
  artifactKey: Guid(e84ba2e12242bcd469dfc82dc59c81eb) Importer(2089858483,3d70f49cd1c2eb9ae422958d1c652c6b)
Start importing  using Guid(e84ba2e12242bcd469dfc82dc59c81eb) Importer(2089858483,3d70f49cd1c2eb9ae422958d1c652c6b)  -> (artifact id: '00000000000000000000000000000000') in 0.000043875 seconds
Import Error Code:(3)
Message: Unknown asset with GUID 'e84ba2e12242bcd469dfc82dc59c81eb'
  ERROR: Unknown asset with GUID 'e84ba2e12242bcd469dfc82dc59c81eb'
Number of updated asset objects reloaded before import = 0Number of asset objects unloaded after import = 0

========================================================================
Received Import Request.
  Time since last request: 0.000451 seconds.
  path: 
  artifactKey: Guid(631009fae02c2844497dc07e98f8ec3d) Importer(2089858483,3d70f49cd1c2eb9ae422958d1c652c6b)
Start importing  using Guid(631009fae02c2844497dc07e98f8ec3d) Importer(2089858483,3d70f49cd1c2eb9ae422958d1c652c6b)  -> (artifact id: '00000000000000000000000000000000') in 0.00004175 seconds
Import Error Code:(3)
Message: Unknown asset with GUID '631009fae02c2844497dc07e98f8ec3d'
  ERROR: Unknown asset with GUID '631009fae02c2844497dc07e98f8ec3d'
Number of updated asset objects reloaded before import = 0Number of asset objects unloaded after import = 0

========================================================================
Received Import Request.
  Time since last request: 0.000082 seconds.
  path: 
  artifactKey: Guid(0cad6975fe3b2ea4cb9ebbe8ea094488) Importer(2089858483,192608db42251d675da83286b1cce702)
Start importing  using Guid(0cad6975fe3b2ea4cb9ebbe8ea094488) Importer(2089858483,192608db42251d675da83286b1cce702)  -> (artifact id: '00000000000000000000000000000000') in 0.000133958 seconds
Import Error Code:(3)
Message: Unknown asset with GUID '0cad6975fe3b2ea4cb9ebbe8ea094488'
  ERROR: Unknown asset with GUID '0cad6975fe3b2ea4cb9ebbe8ea094488'
Number of updated asset objects reloaded before import = 0Number of asset objects unloaded after import = 0

========================================================================
Received Import Request.
  Time since last request: 0.001026 seconds.
  path: 
  artifactKey: Guid(4629f25f5135bbf4eb215bb1601db9f5) Importer(2089858483,3d70f49cd1c2eb9ae422958d1c652c6b)
Start importing  using Guid(4629f25f5135bbf4eb215bb1601db9f5) Importer(2089858483,3d70f49cd1c2eb9ae422958d1c652c6b)  -> (artifact id: '00000000000000000000000000000000') in 0.000103792 seconds
Import Error Code:(3)
Message: Unknown asset with GUID '4629f25f5135bbf4eb215bb1601db9f5'
  ERROR: Unknown asset with GUID '4629f25f5135bbf4eb215bb1601db9f5'
Number of updated asset objects reloaded before import = 0Number of asset objects unloaded after import = 0

========================================================================
Received Import Request.
  Time since last request: 0.000423 seconds.
  path: 
  artifactKey: Guid(6ced1bab3688a4646bb5e9f6ca172b91) Importer(2089858483,192608db42251d675da83286b1cce702)
Start importing  using Guid(6ced1bab3688a4646bb5e9f6ca172b91) Importer(2089858483,192608db42251d675da83286b1cce702)  -> (artifact id: '00000000000000000000000000000000') in 0.000083417 seconds
Import Error Code:(3)
Message: Unknown asset with GUID '6ced1bab3688a4646bb5e9f6ca172b91'
  ERROR: Unknown asset with GUID '6ced1bab3688a4646bb5e9f6ca172b91'
Number of updated asset objects reloaded before import = 0Number of asset objects unloaded after import = 0

========================================================================
Received Import Request.
  Time since last request: 0.000401 seconds.
  path: 
  artifactKey: Guid(57c001f9cb791fa4fb9ad769ad7d6a37) Importer(2089858483,192608db42251d675da83286b1cce702)
Start importing  using Guid(57c001f9cb791fa4fb9ad769ad7d6a37) Importer(2089858483,192608db42251d675da83286b1cce702)  -> (artifact id: '00000000000000000000000000000000') in 0.000058584 seconds
Import Error Code:(3)
Message: Unknown asset with GUID '57c001f9cb791fa4fb9ad769ad7d6a37'
  ERROR: Unknown asset with GUID '57c001f9cb791fa4fb9ad769ad7d6a37'
Number of updated asset objects reloaded before import = 0Number of asset objects unloaded after import = 0

========================================================================
Received Import Request.
  Time since last request: 0.000168 seconds.
  path: Assets/Settings/SampleSceneProfile.asset
  artifactKey: Guid(10fc4df2da32a41aaa32d77bc913491c) Importer(2089858483,192608db42251d675da83286b1cce702)
Start importing Assets/Settings/SampleSceneProfile.asset using Guid(10fc4df2da32a41aaa32d77bc913491c) Importer(2089858483,192608db42251d675da83286b1cce702) (ScriptedImporter) -> (artifact id: '32de1f27dd490afb178ea81a1c996311') in 0.828306583 seconds
Number of updated asset objects reloaded before import = 0Number of asset objects unloaded after import = 1

========================================================================
Received Import Request.
  Time since last request: 0.333534 seconds.
  path: 
  artifactKey: Guid(d56b0c252f7151249a80785ea5f40f35) Importer(2089858483,192608db42251d675da83286b1cce702)
Start importing  using Guid(d56b0c252f7151249a80785ea5f40f35) Importer(2089858483,192608db42251d675da83286b1cce702)  -> (artifact id: '00000000000000000000000000000000') in 0.000035875 seconds
Import Error Code:(3)
Message: Unknown asset with GUID 'd56b0c252f7151249a80785ea5f40f35'
  ERROR: Unknown asset with GUID 'd56b0c252f7151249a80785ea5f40f35'
Number of updated asset objects reloaded before import = 0Number of asset objects unloaded after import = 0

========================================================================
Received Import Request.
  Time since last request: 0.005089 seconds.
  path: 
  artifactKey: Guid(a5049f3daaeb569429da777a57979b58) Importer(2089858483,192608db42251d675da83286b1cce702)
Start importing  using Guid(a5049f3daaeb569429da777a57979b58) Importer(2089858483,192608db42251d675da83286b1cce702)  -> (artifact id: '00000000000000000000000000000000') in 0.000048916 seconds
Import Error Code:(3)
Message: Unknown asset with GUID 'a5049f3daaeb569429da777a57979b58'
  ERROR: Unknown asset with GUID 'a5049f3daaeb569429da777a57979b58'
Number of updated asset objects reloaded before import = 0Number of asset objects unloaded after import = 0

========================================================================
Received Import Request.
  Time since last request: 0.001962 seconds.
  path: 
  artifactKey: Guid(8e4b686f580b1b344aec41cdae42469c) Importer(2089858483,192608db42251d675da83286b1cce702)
Start importing  using Guid(8e4b686f580b1b344aec41cdae42469c) Importer(2089858483,192608db42251d675da83286b1cce702)  -> (artifact id: '00000000000000000000000000000000') in 0.000043833 seconds
Import Error Code:(3)
Message: Unknown asset with GUID '8e4b686f580b1b344aec41cdae42469c'
  ERROR: Unknown asset with GUID '8e4b686f580b1b344aec41cdae42469c'
Number of updated asset objects reloaded before import = 0Number of asset objects unloaded after import = 0

========================================================================
Received Import Request.
  Time since last request: 0.000060 seconds.
  path: 
  artifactKey: Guid(46af360807c50b748bcd119e836c8002) Importer(2089858483,192608db42251d675da83286b1cce702)
Start importing  using Guid(46af360807c50b748bcd119e836c8002) Importer(2089858483,192608db42251d675da83286b1cce702)  -> (artifact id: '00000000000000000000000000000000') in 0.000035334 seconds
Import Error Code:(3)
Message: Unknown asset with GUID '46af360807c50b748bcd119e836c8002'
  ERROR: Unknown asset with GUID '46af360807c50b748bcd119e836c8002'
Number of updated asset objects reloaded before import = 0Number of asset objects unloaded after import = 0

========================================================================
Received Import Request.
  Time since last request: 0.000152 seconds.
  path: 
  artifactKey: Guid(c8d865cdf9c49e64290c883dd8dbfa51) Importer(2089858483,192608db42251d675da83286b1cce702)
Start importing  using Guid(c8d865cdf9c49e64290c883dd8dbfa51) Importer(2089858483,192608db42251d675da83286b1cce702)  -> (artifact id: '00000000000000000000000000000000') in 0.000061416 seconds
Import Error Code:(3)
Message: Unknown asset with GUID 'c8d865cdf9c49e64290c883dd8dbfa51'
  ERROR: Unknown asset with GUID 'c8d865cdf9c49e64290c883dd8dbfa51'
Number of updated asset objects reloaded before import = 0Number of asset objects unloaded after import = 0

========================================================================
Received Import Request.
  Time since last request: 0.000196 seconds.
  path: 
  artifactKey: Guid(3a9376d8b9b82df48953d09983fedb23) Importer(2089858483,192608db42251d675da83286b1cce702)
Start importing  using Guid(3a9376d8b9b82df48953d09983fedb23) Importer(2089858483,192608db42251d675da83286b1cce702)  -> (artifact id: '00000000000000000000000000000000') in 0.000040042 seconds
Import Error Code:(3)
Message: Unknown asset with GUID '3a9376d8b9b82df48953d09983fedb23'
  ERROR: Unknown asset with GUID '3a9376d8b9b82df48953d09983fedb23'
Number of updated asset objects reloaded before import = 0Number of asset objects unloaded after import = 0

========================================================================
Received Import Request.
  Time since last request: 0.000153 seconds.
  path: 
  artifactKey: Guid(95e0a16e6f512ae48a7d924f41b8b015) Importer(2089858483,192608db42251d675da83286b1cce702)
Start importing  using Guid(95e0a16e6f512ae48a7d924f41b8b015) Importer(2089858483,192608db42251d675da83286b1cce702)  -> (artifact id: '00000000000000000000000000000000') in 0.000047542 seconds
Import Error Code:(3)
Message: Unknown asset with GUID '95e0a16e6f512ae48a7d924f41b8b015'
  ERROR: Unknown asset with GUID '95e0a16e6f512ae48a7d924f41b8b015'
Number of updated asset objects reloaded before import = 0Number of asset objects unloaded after import = 0

========================================================================
Received Import Request.
  Time since last request: 0.000086 seconds.
  path: 
  artifactKey: Guid(57d1a69525c1cd446ac58587ebb7e9fa) Importer(2089858483,192608db42251d675da83286b1cce702)
Start importing  using Guid(57d1a69525c1cd446ac58587ebb7e9fa) Importer(2089858483,192608db42251d675da83286b1cce702)  -> (artifact id: '00000000000000000000000000000000') in 0.00010475 seconds
Import Error Code:(3)
Message: Unknown asset with GUID '57d1a69525c1cd446ac58587ebb7e9fa'
  ERROR: Unknown asset with GUID '57d1a69525c1cd446ac58587ebb7e9fa'
Number of updated asset objects reloaded before import = 0Number of asset objects unloaded after import = 0

========================================================================
Received Import Request.
  Time since last request: 0.000282 seconds.
  path: 
  artifactKey: Guid(1d610f9ef319c454c80d44f41f80e0e9) Importer(2089858483,192608db42251d675da83286b1cce702)
Start importing  using Guid(1d610f9ef319c454c80d44f41f80e0e9) Importer(2089858483,192608db42251d675da83286b1cce702)  -> (artifact id: '00000000000000000000000000000000') in 0.000046042 seconds
Import Error Code:(3)
Message: Unknown asset with GUID '1d610f9ef319c454c80d44f41f80e0e9'
  ERROR: Unknown asset with GUID '1d610f9ef319c454c80d44f41f80e0e9'
Number of updated asset objects reloaded before import = 0Number of asset objects unloaded after import = 0

========================================================================
Received Import Request.
  Time since last request: 0.000074 seconds.
  path: 
  artifactKey: Guid(7671c18c585178a40bfb4c4baedd9e9c) Importer(2089858483,192608db42251d675da83286b1cce702)
Start importing  using Guid(7671c18c585178a40bfb4c4baedd9e9c) Importer(2089858483,192608db42251d675da83286b1cce702)  -> (artifact id: '00000000000000000000000000000000') in 0.000112958 seconds
Import Error Code:(3)
Message: Unknown asset with GUID '7671c18c585178a40bfb4c4baedd9e9c'
  ERROR: Unknown asset with GUID '7671c18c585178a40bfb4c4baedd9e9c'
Number of updated asset objects reloaded before import = 0Number of asset objects unloaded after import = 0

========================================================================
Received Import Request.
  Time since last request: 0.000737 seconds.
  path: 
  artifactKey: Guid(f4c9bfead1d5b884ca0cec8efa230023) Importer(2089858483,192608db42251d675da83286b1cce702)
Start importing  using Guid(f4c9bfead1d5b884ca0cec8efa230023) Importer(2089858483,192608db42251d675da83286b1cce702)  -> (artifact id: '00000000000000000000000000000000') in 0.000091042 seconds
Import Error Code:(3)
Message: Unknown asset with GUID 'f4c9bfead1d5b884ca0cec8efa230023'
  ERROR: Unknown asset with GUID 'f4c9bfead1d5b884ca0cec8efa230023'
Number of updated asset objects reloaded before import = 0Number of asset objects unloaded after import = 0

========================================================================
Received Import Request.
  Time since last request: 0.000133 seconds.
  path: 
  artifactKey: Guid(7cca29d22237cd3478e3134452ca5716) Importer(2089858483,192608db42251d675da83286b1cce702)
Start importing  using Guid(7cca29d22237cd3478e3134452ca5716) Importer(2089858483,192608db42251d675da83286b1cce702)  -> (artifact id: '00000000000000000000000000000000') in 0.00003975 seconds
Import Error Code:(3)
Message: Unknown asset with GUID '7cca29d22237cd3478e3134452ca5716'
  ERROR: Unknown asset with GUID '7cca29d22237cd3478e3134452ca5716'
Number of updated asset objects reloaded before import = 0Number of asset objects unloaded after import = 0

========================================================================
Received Import Request.
  Time since last request: 0.379882 seconds.
  path: 
  artifactKey: Guid(f81f45007e1f1ff4dbcaac9dad2aa689) Importer(2089858483,192608db42251d675da83286b1cce702)
Start importing  using Guid(f81f45007e1f1ff4dbcaac9dad2aa689) Importer(2089858483,192608db42251d675da83286b1cce702)  -> (artifact id: '00000000000000000000000000000000') in 0.000038375 seconds
Import Error Code:(3)
Message: Unknown asset with GUID 'f81f45007e1f1ff4dbcaac9dad2aa689'
  ERROR: Unknown asset with GUID 'f81f45007e1f1ff4dbcaac9dad2aa689'
Number of updated asset objects reloaded before import = 0Number of asset objects unloaded after import = 0

========================================================================
Received Import Request.
  Time since last request: 0.000167 seconds.
  path: 
  artifactKey: Guid(821802bcd5075cd458dc577e65583b5b) Importer(2089858483,192608db42251d675da83286b1cce702)
Start importing  using Guid(821802bcd5075cd458dc577e65583b5b) Importer(2089858483,192608db42251d675da83286b1cce702)  -> (artifact id: '00000000000000000000000000000000') in 0.000050125 seconds
Import Error Code:(3)
Message: Unknown asset with GUID '821802bcd5075cd458dc577e65583b5b'
  ERROR: Unknown asset with GUID '821802bcd5075cd458dc577e65583b5b'
Number of updated asset objects reloaded before import = 0Number of asset objects unloaded after import = 0

========================================================================
Received Import Request.
  Time since last request: 0.000066 seconds.
  path: 
  artifactKey: Guid(39cb90ab6d1b78546931eb1ae0a74cf5) Importer(2089858483,192608db42251d675da83286b1cce702)
Start importing  using Guid(39cb90ab6d1b78546931eb1ae0a74cf5) Importer(2089858483,192608db42251d675da83286b1cce702)  -> (artifact id: '00000000000000000000000000000000') in 0.000045792 seconds
Import Error Code:(3)
Message: Unknown asset with GUID '39cb90ab6d1b78546931eb1ae0a74cf5'
  ERROR: Unknown asset with GUID '39cb90ab6d1b78546931eb1ae0a74cf5'
Number of updated asset objects reloaded before import = 0Number of asset objects unloaded after import = 0

========================================================================
Received Import Request.
  Time since last request: 0.001435 seconds.
  path: 
  artifactKey: Guid(dc944cc8f298dfa499cf0c2b55cb16ff) Importer(2089858483,192608db42251d675da83286b1cce702)
Start importing  using Guid(dc944cc8f298dfa499cf0c2b55cb16ff) Importer(2089858483,192608db42251d675da83286b1cce702)  -> (artifact id: '00000000000000000000000000000000') in 0.000044792 seconds
Import Error Code:(3)
Message: Unknown asset with GUID 'dc944cc8f298dfa499cf0c2b55cb16ff'
  ERROR: Unknown asset with GUID 'dc944cc8f298dfa499cf0c2b55cb16ff'
Number of updated asset objects reloaded before import = 0Number of asset objects unloaded after import = 0

========================================================================
Received Import Request.
  Time since last request: 0.000203 seconds.
  path: 
  artifactKey: Guid(8536e71e83f0c2842bd8183b1850fd31) Importer(2089858483,192608db42251d675da83286b1cce702)
Start importing  using Guid(8536e71e83f0c2842bd8183b1850fd31) Importer(2089858483,192608db42251d675da83286b1cce702)  -> (artifact id: '00000000000000000000000000000000') in 0.000082833 seconds
Import Error Code:(3)
Message: Unknown asset with GUID '8536e71e83f0c2842bd8183b1850fd31'
  ERROR: Unknown asset with GUID '8536e71e83f0c2842bd8183b1850fd31'
Number of updated asset objects reloaded before import = 0Number of asset objects unloaded after import = 0

========================================================================
Received Import Request.
  Time since last request: 0.003989 seconds.
  path: 
  artifactKey: Guid(829f863975699f843a34ecc7d2041904) Importer(2089858483,192608db42251d675da83286b1cce702)
Start importing  using Guid(829f863975699f843a34ecc7d2041904) Importer(2089858483,192608db42251d675da83286b1cce702)  -> (artifact id: '00000000000000000000000000000000') in 0.000036417 seconds
Import Error Code:(3)
Message: Unknown asset with GUID '829f863975699f843a34ecc7d2041904'
  ERROR: Unknown asset with GUID '829f863975699f843a34ecc7d2041904'
Number of updated asset objects reloaded before import = 0Number of asset objects unloaded after import = 0

========================================================================
Received Import Request.
  Time since last request: 0.000097 seconds.
  path: 
  artifactKey: Guid(c0f4870feb20cba4599b87e61f297c4d) Importer(2089858483,192608db42251d675da83286b1cce702)
Start importing  using Guid(c0f4870feb20cba4599b87e61f297c4d) Importer(2089858483,192608db42251d675da83286b1cce702)  -> (artifact id: '00000000000000000000000000000000') in 0.000079958 seconds
Import Error Code:(3)
Message: Unknown asset with GUID 'c0f4870feb20cba4599b87e61f297c4d'
  ERROR: Unknown asset with GUID 'c0f4870feb20cba4599b87e61f297c4d'
Number of updated asset objects reloaded before import = 0Number of asset objects unloaded after import = 0

========================================================================
Received Import Request.
  Time since last request: 0.000046 seconds.
  path: 
  artifactKey: Guid(63694b69a3c442e429ace071b7ebea96) Importer(2089858483,192608db42251d675da83286b1cce702)
Start importing  using Guid(63694b69a3c442e429ace071b7ebea96) Importer(2089858483,192608db42251d675da83286b1cce702)  -> (artifact id: '00000000000000000000000000000000') in 0.000074833 seconds
Import Error Code:(3)
Message: Unknown asset with GUID '63694b69a3c442e429ace071b7ebea96'
  ERROR: Unknown asset with GUID '63694b69a3c442e429ace071b7ebea96'
Number of updated asset objects reloaded before import = 0Number of asset objects unloaded after import = 0

========================================================================
Received Import Request.
  Time since last request: 0.001917 seconds.
  path: 
  artifactKey: Guid(0df972d6e036fee43a83d1fcd9fd2c35) Importer(2089858483,192608db42251d675da83286b1cce702)
Start importing  using Guid(0df972d6e036fee43a83d1fcd9fd2c35) Importer(2089858483,192608db42251d675da83286b1cce702)  -> (artifact id: '00000000000000000000000000000000') in 0.000540916 seconds
Import Error Code:(3)
Message: Unknown asset with GUID '0df972d6e036fee43a83d1fcd9fd2c35'
  ERROR: Unknown asset with GUID '0df972d6e036fee43a83d1fcd9fd2c35'
Number of updated asset objects reloaded before import = 0Number of asset objects unloaded after import = 0

========================================================================
Received Import Request.
  Time since last request: 0.000185 seconds.
  path: 
  artifactKey: Guid(b8a678427a00f0d45948cc06fd77ef69) Importer(2089858483,192608db42251d675da83286b1cce702)
Start importing  using Guid(b8a678427a00f0d45948cc06fd77ef69) Importer(2089858483,192608db42251d675da83286b1cce702)  -> (artifact id: '00000000000000000000000000000000') in 0.000090334 seconds
Import Error Code:(3)
Message: Unknown asset with GUID 'b8a678427a00f0d45948cc06fd77ef69'
  ERROR: Unknown asset with GUID 'b8a678427a00f0d45948cc06fd77ef69'
Number of updated asset objects reloaded before import = 0Number of asset objects unloaded after import = 0

========================================================================
Received Import Request.
  Time since last request: 0.000055 seconds.
  path: 
  artifactKey: Guid(36bc43478a5be0f488f9e877ddd3e442) Importer(2089858483,192608db42251d675da83286b1cce702)
Start importing  using Guid(36bc43478a5be0f488f9e877ddd3e442) Importer(2089858483,192608db42251d675da83286b1cce702)  -> (artifact id: '00000000000000000000000000000000') in 0.000087125 seconds
Import Error Code:(3)
Message: Unknown asset with GUID '36bc43478a5be0f488f9e877ddd3e442'
  ERROR: Unknown asset with GUID '36bc43478a5be0f488f9e877ddd3e442'
Number of updated asset objects reloaded before import = 0Number of asset objects unloaded after import = 0

========================================================================
Received Import Request.
  Time since last request: 0.000055 seconds.
  path: 
  artifactKey: Guid(afa8a73fc4a5b3c4eab73d6a6c9fa87d) Importer(2089858483,192608db42251d675da83286b1cce702)
Start importing  using Guid(afa8a73fc4a5b3c4eab73d6a6c9fa87d) Importer(2089858483,192608db42251d675da83286b1cce702)  -> (artifact id: '00000000000000000000000000000000') in 0.000100709 seconds
Import Error Code:(3)
Message: Unknown asset with GUID 'afa8a73fc4a5b3c4eab73d6a6c9fa87d'
  ERROR: Unknown asset with GUID 'afa8a73fc4a5b3c4eab73d6a6c9fa87d'
Number of updated asset objects reloaded before import = 0Number of asset objects unloaded after import = 0

========================================================================
Received Import Request.
  Time since last request: 0.000065 seconds.
  path: 
  artifactKey: Guid(8ef4c08799fa0e248927a8c301d7e8e3) Importer(2089858483,192608db42251d675da83286b1cce702)
Start importing  using Guid(8ef4c08799fa0e248927a8c301d7e8e3) Importer(2089858483,192608db42251d675da83286b1cce702)  -> (artifact id: '00000000000000000000000000000000') in 0.0000645 seconds
Import Error Code:(3)
Message: Unknown asset with GUID '8ef4c08799fa0e248927a8c301d7e8e3'
  ERROR: Unknown asset with GUID '8ef4c08799fa0e248927a8c301d7e8e3'
Number of updated asset objects reloaded before import = 0Number of asset objects unloaded after import = 0

========================================================================
Received Import Request.
  Time since last request: 0.000312 seconds.
  path: 
  artifactKey: Guid(28bc408cee497184db648edeab96425b) Importer(2089858483,192608db42251d675da83286b1cce702)
Start importing  using Guid(28bc408cee497184db648edeab96425b) Importer(2089858483,192608db42251d675da83286b1cce702)  -> (artifact id: '00000000000000000000000000000000') in 0.000043708 seconds
Import Error Code:(3)
Message: Unknown asset with GUID '28bc408cee497184db648edeab96425b'
  ERROR: Unknown asset with GUID '28bc408cee497184db648edeab96425b'
Number of updated asset objects reloaded before import = 0Number of asset objects unloaded after import = 0

========================================================================
Received Import Request.
  Time since last request: 0.001403 seconds.
  path: 
  artifactKey: Guid(1b50f2d93a4a40e409371f4635fcdbc3) Importer(2089858483,192608db42251d675da83286b1cce702)
Start importing  using Guid(1b50f2d93a4a40e409371f4635fcdbc3) Importer(2089858483,192608db42251d675da83286b1cce702)  -> (artifact id: '00000000000000000000000000000000') in 0.000042 seconds
Import Error Code:(3)
Message: Unknown asset with GUID '1b50f2d93a4a40e409371f4635fcdbc3'
  ERROR: Unknown asset with GUID '1b50f2d93a4a40e409371f4635fcdbc3'
Number of updated asset objects reloaded before import = 0Number of asset objects unloaded after import = 0

========================================================================
Received Import Request.
  Time since last request: 0.000056 seconds.
  path: 
  artifactKey: Guid(79be77444db2d1d45af73921c4777d39) Importer(2089858483,192608db42251d675da83286b1cce702)
Start importing  using Guid(79be77444db2d1d45af73921c4777d39) Importer(2089858483,192608db42251d675da83286b1cce702)  -> (artifact id: '00000000000000000000000000000000') in 0.0000385 seconds
Import Error Code:(3)
Message: Unknown asset with GUID '79be77444db2d1d45af73921c4777d39'
  ERROR: Unknown asset with GUID '79be77444db2d1d45af73921c4777d39'
Number of updated asset objects reloaded before import = 0Number of asset objects unloaded after import = 0

========================================================================
Received Import Request.
  Time since last request: 0.000687 seconds.
  path: 
  artifactKey: Guid(be9d5b318d7d7c64d9b3cd7e718dc079) Importer(2089858483,192608db42251d675da83286b1cce702)
Start importing  using Guid(be9d5b318d7d7c64d9b3cd7e718dc079) Importer(2089858483,192608db42251d675da83286b1cce702)  -> (artifact id: '00000000000000000000000000000000') in 0.000103542 seconds
Import Error Code:(3)
Message: Unknown asset with GUID 'be9d5b318d7d7c64d9b3cd7e718dc079'
  ERROR: Unknown asset with GUID 'be9d5b318d7d7c64d9b3cd7e718dc079'
Number of updated asset objects reloaded before import = 0Number of asset objects unloaded after import = 0

========================================================================
Received Import Request.
  Time since last request: 0.155001 seconds.
  path: 
  artifactKey: Guid(da309a7d8ae08b54f83fa98d8c26c344) Importer(2089858483,192608db42251d675da83286b1cce702)
Start importing  using Guid(da309a7d8ae08b54f83fa98d8c26c344) Importer(2089858483,192608db42251d675da83286b1cce702)  -> (artifact id: '00000000000000000000000000000000') in 0.000036375 seconds
Import Error Code:(3)
Message: Unknown asset with GUID 'da309a7d8ae08b54f83fa98d8c26c344'
  ERROR: Unknown asset with GUID 'da309a7d8ae08b54f83fa98d8c26c344'
Number of updated asset objects reloaded before import = 0Number of asset objects unloaded after import = 0

========================================================================
Received Import Request.
  Time since last request: 0.000109 seconds.
  path: 
  artifactKey: Guid(560782fe862c31a4bb6540bfe16557ae) Importer(2089858483,192608db42251d675da83286b1cce702)
Start importing  using Guid(560782fe862c31a4bb6540bfe16557ae) Importer(2089858483,192608db42251d675da83286b1cce702)  -> (artifact id: '00000000000000000000000000000000') in 0.000059459 seconds
Import Error Code:(3)
Message: Unknown asset with GUID '560782fe862c31a4bb6540bfe16557ae'
  ERROR: Unknown asset with GUID '560782fe862c31a4bb6540bfe16557ae'
Number of updated asset objects reloaded before import = 0Number of asset objects unloaded after import = 0

========================================================================
Received Import Request.
  Time since last request: 0.000154 seconds.
  path: 
  artifactKey: Guid(777a7c85b5e9d9044a3534471ddbd20a) Importer(2089858483,192608db42251d675da83286b1cce702)
Start importing  using Guid(777a7c85b5e9d9044a3534471ddbd20a) Importer(2089858483,192608db42251d675da83286b1cce702)  -> (artifact id: '00000000000000000000000000000000') in 0.000044083 seconds
Import Error Code:(3)
Message: Unknown asset with GUID '777a7c85b5e9d9044a3534471ddbd20a'
  ERROR: Unknown asset with GUID '777a7c85b5e9d9044a3534471ddbd20a'
Number of updated asset objects reloaded before import = 0Number of asset objects unloaded after import = 0

========================================================================
Received Import Request.
  Time since last request: 0.000057 seconds.
  path: 
  artifactKey: Guid(8fa40a0efc6e44b4dbd59f5dc22d1853) Importer(2089858483,192608db42251d675da83286b1cce702)
Start importing  using Guid(8fa40a0efc6e44b4dbd59f5dc22d1853) Importer(2089858483,192608db42251d675da83286b1cce702)  -> (artifact id: '00000000000000000000000000000000') in 0.000048792 seconds
Import Error Code:(3)
Message: Unknown asset with GUID '8fa40a0efc6e44b4dbd59f5dc22d1853'
  ERROR: Unknown asset with GUID '8fa40a0efc6e44b4dbd59f5dc22d1853'
Number of updated asset objects reloaded before import = 0Number of asset objects unloaded after import = 0

========================================================================
Received Import Request.
  Time since last request: 0.000076 seconds.
  path: 
  artifactKey: Guid(fd4a29e20efcbc2418ea90f05cfac8b8) Importer(2089858483,192608db42251d675da83286b1cce702)
Start importing  using Guid(fd4a29e20efcbc2418ea90f05cfac8b8) Importer(2089858483,192608db42251d675da83286b1cce702)  -> (artifact id: '00000000000000000000000000000000') in 0.00004275 seconds
Import Error Code:(3)
Message: Unknown asset with GUID 'fd4a29e20efcbc2418ea90f05cfac8b8'
  ERROR: Unknown asset with GUID 'fd4a29e20efcbc2418ea90f05cfac8b8'
Number of updated asset objects reloaded before import = 0Number of asset objects unloaded after import = 0

========================================================================
Received Import Request.
  Time since last request: 0.000153 seconds.
  path: 
  artifactKey: Guid(da2ac1d9e88c1804cb7267ee7e3ac62f) Importer(2089858483,192608db42251d675da83286b1cce702)
Start importing  using Guid(da2ac1d9e88c1804cb7267ee7e3ac62f) Importer(2089858483,192608db42251d675da83286b1cce702)  -> (artifact id: '00000000000000000000000000000000') in 0.000043958 seconds
Import Error Code:(3)
Message: Unknown asset with GUID 'da2ac1d9e88c1804cb7267ee7e3ac62f'
  ERROR: Unknown asset with GUID 'da2ac1d9e88c1804cb7267ee7e3ac62f'
Number of updated asset objects reloaded before import = 0Number of asset objects unloaded after import = 0

========================================================================
Received Import Request.
  Time since last request: 0.000103 seconds.
  path: 
  artifactKey: Guid(d12bef20df35d9545bff110a3aa285d9) Importer(2089858483,192608db42251d675da83286b1cce702)
Start importing  using Guid(d12bef20df35d9545bff110a3aa285d9) Importer(2089858483,192608db42251d675da83286b1cce702)  -> (artifact id: '00000000000000000000000000000000') in 0.000058625 seconds
Import Error Code:(3)
Message: Unknown asset with GUID 'd12bef20df35d9545bff110a3aa285d9'
  ERROR: Unknown asset with GUID 'd12bef20df35d9545bff110a3aa285d9'
Number of updated asset objects reloaded before import = 0Number of asset objects unloaded after import = 0

========================================================================
Received Import Request.
  Time since last request: 0.000137 seconds.
  path: 
  artifactKey: Guid(361edf0602ef50d4e98a64403fc2b0b2) Importer(2089858483,192608db42251d675da83286b1cce702)
Start importing  using Guid(361edf0602ef50d4e98a64403fc2b0b2) Importer(2089858483,192608db42251d675da83286b1cce702)  -> (artifact id: '00000000000000000000000000000000') in 0.0000425 seconds
Import Error Code:(3)
Message: Unknown asset with GUID '361edf0602ef50d4e98a64403fc2b0b2'
  ERROR: Unknown asset with GUID '361edf0602ef50d4e98a64403fc2b0b2'
Number of updated asset objects reloaded before import = 0Number of asset objects unloaded after import = 0

========================================================================
Received Import Request.
  Time since last request: 0.000105 seconds.
  path: 
  artifactKey: Guid(ed96345ce94cfa04a89a9720830d57a9) Importer(2089858483,192608db42251d675da83286b1cce702)
Start importing  using Guid(ed96345ce94cfa04a89a9720830d57a9) Importer(2089858483,192608db42251d675da83286b1cce702)  -> (artifact id: '00000000000000000000000000000000') in 0.00009825 seconds
Import Error Code:(3)
Message: Unknown asset with GUID 'ed96345ce94cfa04a89a9720830d57a9'
  ERROR: Unknown asset with GUID 'ed96345ce94cfa04a89a9720830d57a9'
Number of updated asset objects reloaded before import = 0Number of asset objects unloaded after import = 0

========================================================================
Received Import Request.
  Time since last request: 0.000388 seconds.
  path: 
  artifactKey: Guid(24a1fcd36c05eb842949a648517366e3) Importer(2089858483,192608db42251d675da83286b1cce702)
Start importing  using Guid(24a1fcd36c05eb842949a648517366e3) Importer(2089858483,192608db42251d675da83286b1cce702)  -> (artifact id: '00000000000000000000000000000000') in 0.000048666 seconds
Import Error Code:(3)
Message: Unknown asset with GUID '24a1fcd36c05eb842949a648517366e3'
  ERROR: Unknown asset with GUID '24a1fcd36c05eb842949a648517366e3'
Number of updated asset objects reloaded before import = 0Number of asset objects unloaded after import = 0

========================================================================
Received Import Request.
  Time since last request: 0.000077 seconds.
  path: 
  artifactKey: Guid(867725552f211d64aa2cd2ce84636eeb) Importer(2089858483,192608db42251d675da83286b1cce702)
Start importing  using Guid(867725552f211d64aa2cd2ce84636eeb) Importer(2089858483,192608db42251d675da83286b1cce702)  -> (artifact id: '00000000000000000000000000000000') in 0.000042584 seconds
Import Error Code:(3)
Message: Unknown asset with GUID '867725552f211d64aa2cd2ce84636eeb'
  ERROR: Unknown asset with GUID '867725552f211d64aa2cd2ce84636eeb'
Number of updated asset objects reloaded before import = 0Number of asset objects unloaded after import = 0

========================================================================
Received Import Request.
  Time since last request: 0.000079 seconds.
  path: 
  artifactKey: Guid(fb42f25a60125a74faecab4fde442b37) Importer(2089858483,192608db42251d675da83286b1cce702)
Start importing  using Guid(fb42f25a60125a74faecab4fde442b37) Importer(2089858483,192608db42251d675da83286b1cce702)  -> (artifact id: '00000000000000000000000000000000') in 0.000101166 seconds
Import Error Code:(3)
Message: Unknown asset with GUID 'fb42f25a60125a74faecab4fde442b37'
  ERROR: Unknown asset with GUID 'fb42f25a60125a74faecab4fde442b37'
Number of updated asset objects reloaded before import = 0Number of asset objects unloaded after import = 0

========================================================================
Received Import Request.
  Time since last request: 0.000102 seconds.
  path: 
  artifactKey: Guid(c8d224144d8508f45877c85ff9946be5) Importer(2089858483,192608db42251d675da83286b1cce702)
Start importing  using Guid(c8d224144d8508f45877c85ff9946be5) Importer(2089858483,192608db42251d675da83286b1cce702)  -> (artifact id: '00000000000000000000000000000000') in 0.000093333 seconds
Import Error Code:(3)
Message: Unknown asset with GUID 'c8d224144d8508f45877c85ff9946be5'
  ERROR: Unknown asset with GUID 'c8d224144d8508f45877c85ff9946be5'
Number of updated asset objects reloaded before import = 0Number of asset objects unloaded after import = 0

========================================================================
Received Import Request.
  Time since last request: 0.000796 seconds.
  path: 
  artifactKey: Guid(5f5efe209dcf7a848992fd7c813377b1) Importer(2089858483,192608db42251d675da83286b1cce702)
Start importing  using Guid(5f5efe209dcf7a848992fd7c813377b1) Importer(2089858483,192608db42251d675da83286b1cce702)  -> (artifact id: '00000000000000000000000000000000') in 0.000074125 seconds
Import Error Code:(3)
Message: Unknown asset with GUID '5f5efe209dcf7a848992fd7c813377b1'
  ERROR: Unknown asset with GUID '5f5efe209dcf7a848992fd7c813377b1'
Number of updated asset objects reloaded before import = 0Number of asset objects unloaded after import = 0

========================================================================
Received Import Request.
  Time since last request: 0.000103 seconds.
  path: 
  artifactKey: Guid(acbbfcf47d0825446bfcc235f3bd5f0b) Importer(2089858483,192608db42251d675da83286b1cce702)
Start importing  using Guid(acbbfcf47d0825446bfcc235f3bd5f0b) Importer(2089858483,192608db42251d675da83286b1cce702)  -> (artifact id: '00000000000000000000000000000000') in 0.000045084 seconds
Import Error Code:(3)
Message: Unknown asset with GUID 'acbbfcf47d0825446bfcc235f3bd5f0b'
  ERROR: Unknown asset with GUID 'acbbfcf47d0825446bfcc235f3bd5f0b'
Number of updated asset objects reloaded before import = 0Number of asset objects unloaded after import = 0

========================================================================
Received Import Request.
  Time since last request: 0.000093 seconds.
  path: 
  artifactKey: Guid(3192d0808c0e8d44a8575ec76facdd95) Importer(2089858483,192608db42251d675da83286b1cce702)
Start importing  using Guid(3192d0808c0e8d44a8575ec76facdd95) Importer(2089858483,192608db42251d675da83286b1cce702)  -> (artifact id: '00000000000000000000000000000000') in 0.00004375 seconds
Import Error Code:(3)
Message: Unknown asset with GUID '3192d0808c0e8d44a8575ec76facdd95'
  ERROR: Unknown asset with GUID '3192d0808c0e8d44a8575ec76facdd95'
Number of updated asset objects reloaded before import = 0Number of asset objects unloaded after import = 0

========================================================================
Received Import Request.
  Time since last request: 0.000144 seconds.
  path: 
  artifactKey: Guid(7188eae1ccb4b4a44b0907b4a21284b3) Importer(2089858483,192608db42251d675da83286b1cce702)
Start importing  using Guid(7188eae1ccb4b4a44b0907b4a21284b3) Importer(2089858483,192608db42251d675da83286b1cce702)  -> (artifact id: '00000000000000000000000000000000') in 0.000052209 seconds
Import Error Code:(3)
Message: Unknown asset with GUID '7188eae1ccb4b4a44b0907b4a21284b3'
  ERROR: Unknown asset with GUID '7188eae1ccb4b4a44b0907b4a21284b3'
Number of updated asset objects reloaded before import = 0Number of asset objects unloaded after import = 0

========================================================================
Received Import Request.
  Time since last request: 0.000311 seconds.
  path: 
  artifactKey: Guid(cd0402ec3b0b74440bd3003b0aeb9a26) Importer(2089858483,192608db42251d675da83286b1cce702)
Start importing  using Guid(cd0402ec3b0b74440bd3003b0aeb9a26) Importer(2089858483,192608db42251d675da83286b1cce702)  -> (artifact id: '00000000000000000000000000000000') in 0.000073834 seconds
Import Error Code:(3)
Message: Unknown asset with GUID 'cd0402ec3b0b74440bd3003b0aeb9a26'
  ERROR: Unknown asset with GUID 'cd0402ec3b0b74440bd3003b0aeb9a26'
Number of updated asset objects reloaded before import = 0Number of asset objects unloaded after import = 0

========================================================================
Received Import Request.
  Time since last request: 0.000268 seconds.
  path: 
  artifactKey: Guid(28ffa2b2b977bf844941c14aca3e1318) Importer(2089858483,192608db42251d675da83286b1cce702)
Start importing  using Guid(28ffa2b2b977bf844941c14aca3e1318) Importer(2089858483,192608db42251d675da83286b1cce702)  -> (artifact id: '00000000000000000000000000000000') in 0.000095666 seconds
Import Error Code:(3)
Message: Unknown asset with GUID '28ffa2b2b977bf844941c14aca3e1318'
  ERROR: Unknown asset with GUID '28ffa2b2b977bf844941c14aca3e1318'
Number of updated asset objects reloaded before import = 0Number of asset objects unloaded after import = 0

========================================================================
Received Import Request.
  Time since last request: 0.007892 seconds.
  path: 
  artifactKey: Guid(27a64763f0e4f8f498b7e5b9b3ee3891) Importer(2089858483,192608db42251d675da83286b1cce702)
Start importing  using Guid(27a64763f0e4f8f498b7e5b9b3ee3891) Importer(2089858483,192608db42251d675da83286b1cce702)  -> (artifact id: '00000000000000000000000000000000') in 0.000038334 seconds
Import Error Code:(3)
Message: Unknown asset with GUID '27a64763f0e4f8f498b7e5b9b3ee3891'
  ERROR: Unknown asset with GUID '27a64763f0e4f8f498b7e5b9b3ee3891'
Number of updated asset objects reloaded before import = 0Number of asset objects unloaded after import = 0

========================================================================
Received Import Request.
  Time since last request: 0.000043 seconds.
  path: 
  artifactKey: Guid(90611b4810688894ba1ef2ea5557be9d) Importer(2089858483,192608db42251d675da83286b1cce702)
Start importing  using Guid(90611b4810688894ba1ef2ea5557be9d) Importer(2089858483,192608db42251d675da83286b1cce702)  -> (artifact id: '00000000000000000000000000000000') in 0.00004125 seconds
Import Error Code:(3)
Message: Unknown asset with GUID '90611b4810688894ba1ef2ea5557be9d'
  ERROR: Unknown asset with GUID '90611b4810688894ba1ef2ea5557be9d'
Number of updated asset objects reloaded before import = 0Number of asset objects unloaded after import = 0

========================================================================
Received Import Request.
  Time since last request: 0.000127 seconds.
  path: 
  artifactKey: Guid(934300d3deaf9ea45bc9481aff6c67d5) Importer(2089858483,192608db42251d675da83286b1cce702)
Start importing  using Guid(934300d3deaf9ea45bc9481aff6c67d5) Importer(2089858483,192608db42251d675da83286b1cce702)  -> (artifact id: '00000000000000000000000000000000') in 0.000043209 seconds
Import Error Code:(3)
Message: Unknown asset with GUID '934300d3deaf9ea45bc9481aff6c67d5'
  ERROR: Unknown asset with GUID '934300d3deaf9ea45bc9481aff6c67d5'
Number of updated asset objects reloaded before import = 0Number of asset objects unloaded after import = 0

========================================================================
Received Import Request.
  Time since last request: 0.000088 seconds.
  path: 
  artifactKey: Guid(39b65d69f54fd9c4eb97e5207e8e2449) Importer(2089858483,192608db42251d675da83286b1cce702)
Start importing  using Guid(39b65d69f54fd9c4eb97e5207e8e2449) Importer(2089858483,192608db42251d675da83286b1cce702)  -> (artifact id: '00000000000000000000000000000000') in 0.000112708 seconds
Import Error Code:(3)
Message: Unknown asset with GUID '39b65d69f54fd9c4eb97e5207e8e2449'
  ERROR: Unknown asset with GUID '39b65d69f54fd9c4eb97e5207e8e2449'
Number of updated asset objects reloaded before import = 0Number of asset objects unloaded after import = 0

========================================================================
Received Import Request.
  Time since last request: 0.000074 seconds.
  path: 
  artifactKey: Guid(b3b6713866ce4e84a975adbaf599db9b) Importer(2089858483,192608db42251d675da83286b1cce702)
Start importing  using Guid(b3b6713866ce4e84a975adbaf599db9b) Importer(2089858483,192608db42251d675da83286b1cce702)  -> (artifact id: '00000000000000000000000000000000') in 0.00009475 seconds
Import Error Code:(3)
Message: Unknown asset with GUID 'b3b6713866ce4e84a975adbaf599db9b'
  ERROR: Unknown asset with GUID 'b3b6713866ce4e84a975adbaf599db9b'
Number of updated asset objects reloaded before import = 0Number of asset objects unloaded after import = 0

========================================================================
Received Import Request.
  Time since last request: 0.000555 seconds.
  path: 
  artifactKey: Guid(36458e460b015674896ecdca85ba0a90) Importer(2089858483,192608db42251d675da83286b1cce702)
Start importing  using Guid(36458e460b015674896ecdca85ba0a90) Importer(2089858483,192608db42251d675da83286b1cce702)  -> (artifact id: '00000000000000000000000000000000') in 0.000083833 seconds
Import Error Code:(3)
Message: Unknown asset with GUID '36458e460b015674896ecdca85ba0a90'
  ERROR: Unknown asset with GUID '36458e460b015674896ecdca85ba0a90'
Number of updated asset objects reloaded before import = 0Number of asset objects unloaded after import = 0

========================================================================
Received Import Request.
  Time since last request: 0.000080 seconds.
  path: 
  artifactKey: Guid(341363cab777497488df80fcfd640aaf) Importer(2089858483,192608db42251d675da83286b1cce702)
Start importing  using Guid(341363cab777497488df80fcfd640aaf) Importer(2089858483,192608db42251d675da83286b1cce702)  -> (artifact id: '00000000000000000000000000000000') in 0.000101416 seconds
Import Error Code:(3)
Message: Unknown asset with GUID '341363cab777497488df80fcfd640aaf'
  ERROR: Unknown asset with GUID '341363cab777497488df80fcfd640aaf'
Number of updated asset objects reloaded before import = 0Number of asset objects unloaded after import = 0

========================================================================
Received Import Request.
  Time since last request: 0.000135 seconds.
  path: 
  artifactKey: Guid(bda050acedb3d764aa7cac584c08e833) Importer(2089858483,192608db42251d675da83286b1cce702)
Start importing  using Guid(bda050acedb3d764aa7cac584c08e833) Importer(2089858483,192608db42251d675da83286b1cce702)  -> (artifact id: '00000000000000000000000000000000') in 0.000040208 seconds
Import Error Code:(3)
Message: Unknown asset with GUID 'bda050acedb3d764aa7cac584c08e833'
  ERROR: Unknown asset with GUID 'bda050acedb3d764aa7cac584c08e833'
Number of updated asset objects reloaded before import = 0Number of asset objects unloaded after import = 0

========================================================================
Received Import Request.
  Time since last request: 0.000101 seconds.
  path: 
  artifactKey: Guid(a0e91bfedb00031449048ebb3b7bf551) Importer(2089858483,192608db42251d675da83286b1cce702)
Start importing  using Guid(a0e91bfedb00031449048ebb3b7bf551) Importer(2089858483,192608db42251d675da83286b1cce702)  -> (artifact id: '00000000000000000000000000000000') in 0.000040667 seconds
Import Error Code:(3)
Message: Unknown asset with GUID 'a0e91bfedb00031449048ebb3b7bf551'
  ERROR: Unknown asset with GUID 'a0e91bfedb00031449048ebb3b7bf551'
Number of updated asset objects reloaded before import = 0Number of asset objects unloaded after import = 0

========================================================================
Received Import Request.
  Time since last request: 0.000175 seconds.
  path: 
  artifactKey: Guid(fc96581173bdb7f4ab654b471e70e0ec) Importer(2089858483,192608db42251d675da83286b1cce702)
Start importing  using Guid(fc96581173bdb7f4ab654b471e70e0ec) Importer(2089858483,192608db42251d675da83286b1cce702)  -> (artifact id: '00000000000000000000000000000000') in 0.000044375 seconds
Import Error Code:(3)
Message: Unknown asset with GUID 'fc96581173bdb7f4ab654b471e70e0ec'
  ERROR: Unknown asset with GUID 'fc96581173bdb7f4ab654b471e70e0ec'
Number of updated asset objects reloaded before import = 0Number of asset objects unloaded after import = 0

========================================================================
Received Import Request.
  Time since last request: 0.000158 seconds.
  path: 
  artifactKey: Guid(83d0a2ad75f627a4b918a519d4ca574f) Importer(2089858483,192608db42251d675da83286b1cce702)
Start importing  using Guid(83d0a2ad75f627a4b918a519d4ca574f) Importer(2089858483,192608db42251d675da83286b1cce702)  -> (artifact id: '00000000000000000000000000000000') in 0.00008225 seconds
Import Error Code:(3)
Message: Unknown asset with GUID '83d0a2ad75f627a4b918a519d4ca574f'
  ERROR: Unknown asset with GUID '83d0a2ad75f627a4b918a519d4ca574f'
Number of updated asset objects reloaded before import = 0Number of asset objects unloaded after import = 0

========================================================================
Received Import Request.
  Time since last request: 0.000145 seconds.
  path: 
  artifactKey: Guid(c39a6ab9e19ceda46ba6a4a898947271) Importer(2089858483,192608db42251d675da83286b1cce702)
Start importing  using Guid(c39a6ab9e19ceda46ba6a4a898947271) Importer(2089858483,192608db42251d675da83286b1cce702)  -> (artifact id: '00000000000000000000000000000000') in 0.000103791 seconds
Import Error Code:(3)
Message: Unknown asset with GUID 'c39a6ab9e19ceda46ba6a4a898947271'
  ERROR: Unknown asset with GUID 'c39a6ab9e19ceda46ba6a4a898947271'
Number of updated asset objects reloaded before import = 0Number of asset objects unloaded after import = 0

========================================================================
Received Import Request.
  Time since last request: 0.000266 seconds.
  path: 
  artifactKey: Guid(c2f92e6cea02cb94e9374866bc5ed2ff) Importer(2089858483,192608db42251d675da83286b1cce702)
Start importing  using Guid(c2f92e6cea02cb94e9374866bc5ed2ff) Importer(2089858483,192608db42251d675da83286b1cce702)  -> (artifact id: '00000000000000000000000000000000') in 0.000086125 seconds
Import Error Code:(3)
Message: Unknown asset with GUID 'c2f92e6cea02cb94e9374866bc5ed2ff'
  ERROR: Unknown asset with GUID 'c2f92e6cea02cb94e9374866bc5ed2ff'
Number of updated asset objects reloaded before import = 0Number of asset objects unloaded after import = 0

========================================================================
Received Import Request.
  Time since last request: 0.000064 seconds.
  path: 
  artifactKey: Guid(e84b6c8c381bef34ba8603ab02981057) Importer(2089858483,192608db42251d675da83286b1cce702)
Start importing  using Guid(e84b6c8c381bef34ba8603ab02981057) Importer(2089858483,192608db42251d675da83286b1cce702)  -> (artifact id: '00000000000000000000000000000000') in 0.00004775 seconds
Import Error Code:(3)
Message: Unknown asset with GUID 'e84b6c8c381bef34ba8603ab02981057'
  ERROR: Unknown asset with GUID 'e84b6c8c381bef34ba8603ab02981057'
Number of updated asset objects reloaded before import = 0Number of asset objects unloaded after import = 0

========================================================================
Received Import Request.
  Time since last request: 0.000104 seconds.
  path: 
  artifactKey: Guid(a69dcd7d42d75cf4994a3447c3ae9464) Importer(2089858483,192608db42251d675da83286b1cce702)
Start importing  using Guid(a69dcd7d42d75cf4994a3447c3ae9464) Importer(2089858483,192608db42251d675da83286b1cce702)  -> (artifact id: '00000000000000000000000000000000') in 0.000043666 seconds
Import Error Code:(3)
Message: Unknown asset with GUID 'a69dcd7d42d75cf4994a3447c3ae9464'
  ERROR: Unknown asset with GUID 'a69dcd7d42d75cf4994a3447c3ae9464'
Number of updated asset objects reloaded before import = 0Number of asset objects unloaded after import = 0

========================================================================
Received Import Request.
  Time since last request: 0.000082 seconds.
  path: 
  artifactKey: Guid(76e1a52093d73e54eb210c8820b9cd52) Importer(2089858483,192608db42251d675da83286b1cce702)
Start importing  using Guid(76e1a52093d73e54eb210c8820b9cd52) Importer(2089858483,192608db42251d675da83286b1cce702)  -> (artifact id: '00000000000000000000000000000000') in 0.000037459 seconds
Import Error Code:(3)
Message: Unknown asset with GUID '76e1a52093d73e54eb210c8820b9cd52'
  ERROR: Unknown asset with GUID '76e1a52093d73e54eb210c8820b9cd52'
Number of updated asset objects reloaded before import = 0Number of asset objects unloaded after import = 0

========================================================================
Received Import Request.
  Time since last request: 0.000051 seconds.
  path: 
  artifactKey: Guid(10aaab9a9e5017346800ea3194460b19) Importer(2089858483,192608db42251d675da83286b1cce702)
Start importing  using Guid(10aaab9a9e5017346800ea3194460b19) Importer(2089858483,192608db42251d675da83286b1cce702)  -> (artifact id: '00000000000000000000000000000000') in 0.000039208 seconds
Import Error Code:(3)
Message: Unknown asset with GUID '10aaab9a9e5017346800ea3194460b19'
  ERROR: Unknown asset with GUID '10aaab9a9e5017346800ea3194460b19'
Number of updated asset objects reloaded before import = 0Number of asset objects unloaded after import = 0

========================================================================
Received Import Request.
  Time since last request: 0.000338 seconds.
  path: 
  artifactKey: Guid(76137e3ac9747114c916f3d976b65107) Importer(2089858483,192608db42251d675da83286b1cce702)
Start importing  using Guid(76137e3ac9747114c916f3d976b65107) Importer(2089858483,192608db42251d675da83286b1cce702)  -> (artifact id: '00000000000000000000000000000000') in 0.000047708 seconds
Import Error Code:(3)
Message: Unknown asset with GUID '76137e3ac9747114c916f3d976b65107'
  ERROR: Unknown asset with GUID '76137e3ac9747114c916f3d976b65107'
Number of updated asset objects reloaded before import = 0Number of asset objects unloaded after import = 0

========================================================================
Received Import Request.
  Time since last request: 0.000069 seconds.
  path: 
  artifactKey: Guid(9c20f8f47394b0f4999232869fa41c73) Importer(2089858483,192608db42251d675da83286b1cce702)
Start importing  using Guid(9c20f8f47394b0f4999232869fa41c73) Importer(2089858483,192608db42251d675da83286b1cce702)  -> (artifact id: '00000000000000000000000000000000') in 0.00009475 seconds
Import Error Code:(3)
Message: Unknown asset with GUID '9c20f8f47394b0f4999232869fa41c73'
  ERROR: Unknown asset with GUID '9c20f8f47394b0f4999232869fa41c73'
Number of updated asset objects reloaded before import = 0Number of asset objects unloaded after import = 0

========================================================================
Received Import Request.
  Time since last request: 0.000071 seconds.
  path: 
  artifactKey: Guid(0b8e58c8b82afdd48b970d791b74ab8a) Importer(2089858483,192608db42251d675da83286b1cce702)
Start importing  using Guid(0b8e58c8b82afdd48b970d791b74ab8a) Importer(2089858483,192608db42251d675da83286b1cce702)  -> (artifact id: '00000000000000000000000000000000') in 0.000036542 seconds
Import Error Code:(3)
Message: Unknown asset with GUID '0b8e58c8b82afdd48b970d791b74ab8a'
  ERROR: Unknown asset with GUID '0b8e58c8b82afdd48b970d791b74ab8a'
Number of updated asset objects reloaded before import = 0Number of asset objects unloaded after import = 0

========================================================================
Received Import Request.
  Time since last request: 0.000110 seconds.
  path: 
  artifactKey: Guid(2efbea3eace54454a8667a34a0c9a91a) Importer(2089858483,192608db42251d675da83286b1cce702)
Start importing  using Guid(2efbea3eace54454a8667a34a0c9a91a) Importer(2089858483,192608db42251d675da83286b1cce702)  -> (artifact id: '00000000000000000000000000000000') in 0.000086708 seconds
Import Error Code:(3)
Message: Unknown asset with GUID '2efbea3eace54454a8667a34a0c9a91a'
  ERROR: Unknown asset with GUID '2efbea3eace54454a8667a34a0c9a91a'
Number of updated asset objects reloaded before import = 0Number of asset objects unloaded after import = 0

========================================================================
Received Import Request.
  Time since last request: 0.000086 seconds.
  path: 
  artifactKey: Guid(75b15235130a6f6428fabfa1ae179030) Importer(2089858483,192608db42251d675da83286b1cce702)
Start importing  using Guid(75b15235130a6f6428fabfa1ae179030) Importer(2089858483,192608db42251d675da83286b1cce702)  -> (artifact id: '00000000000000000000000000000000') in 0.000047667 seconds
Import Error Code:(3)
Message: Unknown asset with GUID '75b15235130a6f6428fabfa1ae179030'
  ERROR: Unknown asset with GUID '75b15235130a6f6428fabfa1ae179030'
Number of updated asset objects reloaded before import = 0Number of asset objects unloaded after import = 0

========================================================================
Received Import Request.
  Time since last request: 0.000071 seconds.
  path: 
  artifactKey: Guid(abbd494af33356b4caac836fa2150daa) Importer(2089858483,192608db42251d675da83286b1cce702)
Start importing  using Guid(abbd494af33356b4caac836fa2150daa) Importer(2089858483,192608db42251d675da83286b1cce702)  -> (artifact id: '00000000000000000000000000000000') in 0.000087583 seconds
Import Error Code:(3)
Message: Unknown asset with GUID 'abbd494af33356b4caac836fa2150daa'
  ERROR: Unknown asset with GUID 'abbd494af33356b4caac836fa2150daa'
Number of updated asset objects reloaded before import = 0Number of asset objects unloaded after import = 0

========================================================================
Received Import Request.
  Time since last request: 0.000092 seconds.
  path: 
  artifactKey: Guid(7c68ae03951f1094b8f554649d485a6c) Importer(2089858483,192608db42251d675da83286b1cce702)
Start importing  using Guid(7c68ae03951f1094b8f554649d485a6c) Importer(2089858483,192608db42251d675da83286b1cce702)  -> (artifact id: '00000000000000000000000000000000') in 0.000038167 seconds
Import Error Code:(3)
Message: Unknown asset with GUID '7c68ae03951f1094b8f554649d485a6c'
  ERROR: Unknown asset with GUID '7c68ae03951f1094b8f554649d485a6c'
Number of updated asset objects reloaded before import = 0Number of asset objects unloaded after import = 0

========================================================================
Received Import Request.
  Time since last request: 0.002590 seconds.
  path: 
  artifactKey: Guid(4cb0e9e3c0a57a3409d25714bd6c63bc) Importer(2089858483,192608db42251d675da83286b1cce702)
Start importing  using Guid(4cb0e9e3c0a57a3409d25714bd6c63bc) Importer(2089858483,192608db42251d675da83286b1cce702)  -> (artifact id: '00000000000000000000000000000000') in 0.000042791 seconds
Import Error Code:(3)
Message: Unknown asset with GUID '4cb0e9e3c0a57a3409d25714bd6c63bc'
  ERROR: Unknown asset with GUID '4cb0e9e3c0a57a3409d25714bd6c63bc'
Number of updated asset objects reloaded before import = 0Number of asset objects unloaded after import = 0

========================================================================
Received Import Request.
  Time since last request: 0.000070 seconds.
  path: 
  artifactKey: Guid(5f0c278455bf0524eb0d057c0d4a99b2) Importer(2089858483,192608db42251d675da83286b1cce702)
Start importing  using Guid(5f0c278455bf0524eb0d057c0d4a99b2) Importer(2089858483,192608db42251d675da83286b1cce702)  -> (artifact id: '00000000000000000000000000000000') in 0.000089125 seconds
Import Error Code:(3)
Message: Unknown asset with GUID '5f0c278455bf0524eb0d057c0d4a99b2'
  ERROR: Unknown asset with GUID '5f0c278455bf0524eb0d057c0d4a99b2'
Number of updated asset objects reloaded before import = 0Number of asset objects unloaded after import = 0

========================================================================
Received Import Request.
  Time since last request: 0.000478 seconds.
  path: 
  artifactKey: Guid(6180d64f43a39ea4eb3209967ab3e903) Importer(2089858483,192608db42251d675da83286b1cce702)
Start importing  using Guid(6180d64f43a39ea4eb3209967ab3e903) Importer(2089858483,192608db42251d675da83286b1cce702)  -> (artifact id: '00000000000000000000000000000000') in 0.000041291 seconds
Import Error Code:(3)
Message: Unknown asset with GUID '6180d64f43a39ea4eb3209967ab3e903'
  ERROR: Unknown asset with GUID '6180d64f43a39ea4eb3209967ab3e903'
Number of updated asset objects reloaded before import = 0Number of asset objects unloaded after import = 0

========================================================================
Received Import Request.
  Time since last request: 0.000076 seconds.
  path: 
  artifactKey: Guid(d436d133dad561e4481bd2a666dc5850) Importer(2089858483,192608db42251d675da83286b1cce702)
Start importing  using Guid(d436d133dad561e4481bd2a666dc5850) Importer(2089858483,192608db42251d675da83286b1cce702)  -> (artifact id: '00000000000000000000000000000000') in 0.000078666 seconds
Import Error Code:(3)
Message: Unknown asset with GUID 'd436d133dad561e4481bd2a666dc5850'
  ERROR: Unknown asset with GUID 'd436d133dad561e4481bd2a666dc5850'
Number of updated asset objects reloaded before import = 0Number of asset objects unloaded after import = 0

========================================================================
Received Import Request.
  Time since last request: 0.000294 seconds.
  path: 
  artifactKey: Guid(e8ab4e2ef54c18347b7452ce83bb3741) Importer(2089858483,192608db42251d675da83286b1cce702)
Start importing  using Guid(e8ab4e2ef54c18347b7452ce83bb3741) Importer(2089858483,192608db42251d675da83286b1cce702)  -> (artifact id: '00000000000000000000000000000000') in 0.000102125 seconds
Import Error Code:(3)
Message: Unknown asset with GUID 'e8ab4e2ef54c18347b7452ce83bb3741'
  ERROR: Unknown asset with GUID 'e8ab4e2ef54c18347b7452ce83bb3741'
Number of updated asset objects reloaded before import = 0Number of asset objects unloaded after import = 0

========================================================================
Received Import Request.
  Time since last request: 0.000506 seconds.
  path: 
  artifactKey: Guid(1e50e8fa8315f474f84aef4878690396) Importer(2089858483,192608db42251d675da83286b1cce702)
Start importing  using Guid(1e50e8fa8315f474f84aef4878690396) Importer(2089858483,192608db42251d675da83286b1cce702)  -> (artifact id: '00000000000000000000000000000000') in 0.000042084 seconds
Import Error Code:(3)
Message: Unknown asset with GUID '1e50e8fa8315f474f84aef4878690396'
  ERROR: Unknown asset with GUID '1e50e8fa8315f474f84aef4878690396'
Number of updated asset objects reloaded before import = 0Number of asset objects unloaded after import = 0

========================================================================
Received Import Request.
  Time since last request: 0.000058 seconds.
  path: 
  artifactKey: Guid(a353836ca4ad8144fa0a59526e57318c) Importer(2089858483,192608db42251d675da83286b1cce702)
Start importing  using Guid(a353836ca4ad8144fa0a59526e57318c) Importer(2089858483,192608db42251d675da83286b1cce702)  -> (artifact id: '00000000000000000000000000000000') in 0.000094166 seconds
Import Error Code:(3)
Message: Unknown asset with GUID 'a353836ca4ad8144fa0a59526e57318c'
  ERROR: Unknown asset with GUID 'a353836ca4ad8144fa0a59526e57318c'
Number of updated asset objects reloaded before import = 0Number of asset objects unloaded after import = 0

========================================================================
Received Import Request.
  Time since last request: 0.000124 seconds.
  path: 
  artifactKey: Guid(a252dd0df4daa21438b70002089a3700) Importer(2089858483,192608db42251d675da83286b1cce702)
Start importing  using Guid(a252dd0df4daa21438b70002089a3700) Importer(2089858483,192608db42251d675da83286b1cce702)  -> (artifact id: '00000000000000000000000000000000') in 0.000043375 seconds
Import Error Code:(3)
Message: Unknown asset with GUID 'a252dd0df4daa21438b70002089a3700'
  ERROR: Unknown asset with GUID 'a252dd0df4daa21438b70002089a3700'
Number of updated asset objects reloaded before import = 0Number of asset objects unloaded after import = 0

========================================================================
Received Import Request.
  Time since last request: 0.000119 seconds.
  path: 
  artifactKey: Guid(46142aa4a6287b648acce64106f4ac82) Importer(2089858483,192608db42251d675da83286b1cce702)
Start importing  using Guid(46142aa4a6287b648acce64106f4ac82) Importer(2089858483,192608db42251d675da83286b1cce702)  -> (artifact id: '00000000000000000000000000000000') in 0.000097792 seconds
Import Error Code:(3)
Message: Unknown asset with GUID '46142aa4a6287b648acce64106f4ac82'
  ERROR: Unknown asset with GUID '46142aa4a6287b648acce64106f4ac82'
Number of updated asset objects reloaded before import = 0Number of asset objects unloaded after import = 0

Editor requested this worker to shutdown with reason: balancing worker count downwards
AssetImportWorker is now disconnected from the server
Process exiting
